<?xml version="1.0" encoding="UTF-8"?>
<!-- Generated by org.testng.reporters.JUnitReportReporter -->
<testsuite hostname="HP-PC" failures="0" tests="8" name="com.automationtesting.UserPortalTesting" time="136.480" errors="0" timestamp="12 Dec 2021 07:05:58 GMT" skipped="0">
  <testcase classname="com.automationtesting.UserPortalTesting" name="userRegistration" time="10.620"/>
  <testcase classname="com.automationtesting.UserPortalTesting" name="userLogin" time="13.739"/>
  <testcase classname="com.automationtesting.UserPortalTesting" name="userAccount" time="14.691"/>
  <testcase classname="com.automationtesting.UserPortalTesting" name="userChequeBookRequest" time="22.599"/>
  <testcase classname="com.automationtesting.UserPortalTesting" name="userTransactions" time="14.457"/>
  <testcase classname="com.automationtesting.UserPortalTesting" name="userTransferMoney" time="24.338"/>
  <testcase classname="com.automationtesting.UserPortalTesting" name="userProfile" time="14.486"/>
  <testcase classname="com.automationtesting.UserPortalTesting" name="userLogout" time="21.550"/>
</testsuite> <!-- com.automationtesting.UserPortalTesting -->
