<?xml version="1.0" encoding="UTF-8"?>
<!-- Generated by org.testng.reporters.JUnitReportReporter -->
<testsuite hostname="HP-PC" failures="0" tests="7" name="com.automationtesting.UserPortalTesting" time="123.735" errors="0" timestamp="05 Dec 2021 05:39:08 GMT" skipped="0">
  <testcase classname="com.automationtesting.UserPortalTesting" name="userLogin" time="11.539"/>
  <testcase classname="com.automationtesting.UserPortalTesting" name="userAccount" time="14.583"/>
  <testcase classname="com.automationtesting.UserPortalTesting" name="userChequeBookRequest" time="22.728"/>
  <testcase classname="com.automationtesting.UserPortalTesting" name="userTransactions" time="14.403"/>
  <testcase classname="com.automationtesting.UserPortalTesting" name="userTransferMoney" time="24.550"/>
  <testcase classname="com.automationtesting.UserPortalTesting" name="userProfile" time="14.502"/>
  <testcase classname="com.automationtesting.UserPortalTesting" name="userLogout" time="21.430"/>
</testsuite> <!-- com.automationtesting.UserPortalTesting -->
